[2019-08-26 20:09:35] local.ERROR: No Database connection yet in VoyagerServiceProvider loadAuth()  
[2019-08-26 20:09:36] local.ERROR: SQLSTATE[HY000] [2002] No connection could be made because the target machine actively refused it.
 {"exception":"[object] (Doctrine\\DBAL\\Driver\\PDOException(code: 2002): SQLSTATE[HY000] [2002] No connection could be made because the target machine actively refused it.
 at C:\\xampp\\htdocs\\hadcoreship\\vendor\\doctrine\\dbal\\lib\\Doctrine\\DBAL\\Driver\\PDOConnection.php:31, PDOException(code: 2002): SQLSTATE[HY000] [2002] No connection could be made because the target machine actively refused it.
 at C:\\xampp\\htdocs\\hadcoreship\\vendor\\doctrine\\dbal\\lib\\Doctrine\\DBAL\\Driver\\PDOConnection.php:27)
[stacktrace]
#0 C:\\xampp\\htdocs\\hadcoreship\\vendor\\laravel\\framework\\src\\Illuminate\\Database\\Connectors\\Connector.php(67): Doctrine\\DBAL\\Driver\\PDOConnection->__construct('mysql:host=127....', 'root', '', Array)
#1 C:\\xampp\\htdocs\\hadcoreship\\vendor\\laravel\\framework\\src\\Illuminate\\Database\\Connectors\\Connector.php(46): Illuminate\\Database\\Connectors\\Connector->createPdoConnection('mysql:host=127....', 'root', '', Array)
#2 C:\\xampp\\htdocs\\hadcoreship\\vendor\\laravel\\framework\\src\\Illuminate\\Database\\Connectors\\MySqlConnector.php(24): Illuminate\\Database\\Connectors\\Connector->createConnection('mysql:host=127....', Array, Array)
#3 C:\\xampp\\htdocs\\hadcoreship\\vendor\\laravel\\framework\\src\\Illuminate\\Database\\Connectors\\ConnectionFactory.php(182): Illuminate\\Database\\Connectors\\MySqlConnector->connect(Array)
#4 [internal function]: Illuminate\\Database\\Connectors\\ConnectionFactory->Illuminate\\Database\\Connectors\\{closure}()
#5 C:\\xampp\\htdocs\\hadcoreship\\vendor\\laravel\\framework\\src\\Illuminate\\Database\\Connection.php(919): call_user_func(Object(Closure))
#6 C:\\xampp\\htdocs\\hadcoreship\\vendor\\laravel\\framework\\src\\Illuminate\\Database\\Connection.php(901): Illuminate\\Database\\Connection->getPdo()
#7 C:\\xampp\\htdocs\\hadcoreship\\vendor\\larapack\\doctrine-support\\src\\DoctrineSupportServiceProvider.php(54): Illuminate\\Database\\Connection->getDoctrineConnection()
#8 C:\\xampp\\htdocs\\hadcoreship\\vendor\\larapack\\doctrine-support\\src\\DoctrineSupportServiceProvider.php(34): Larapack\\DoctrineSupport\\DoctrineSupportServiceProvider->addDoctrineTypes(Object(Larapack\\DoctrineSupport\\Connections\\MySqlConnection))
#9 C:\\xampp\\htdocs\\hadcoreship\\vendor\\laravel\\framework\\src\\Illuminate\\Database\\Connectors\\ConnectionFactory.php(269): Larapack\\DoctrineSupport\\DoctrineSupportServiceProvider->Larapack\\DoctrineSupport\\{closure}(Object(Larapack\\DoctrineSupport\\Connections\\MySqlConnection), 'hardcoreship', '', Array)
#10 C:\\xampp\\htdocs\\hadcoreship\\vendor\\laravel\\framework\\src\\Illuminate\\Database\\Connectors\\ConnectionFactory.php(76): Illuminate\\Database\\Connectors\\ConnectionFactory->createConnection('mysql', Object(Closure), 'hardcoreship', '', Array)
#11 C:\\xampp\\htdocs\\hadcoreship\\vendor\\laravel\\framework\\src\\Illuminate\\Database\\Connectors\\ConnectionFactory.php(50): Illuminate\\Database\\Connectors\\ConnectionFactory->createSingleConnection(Array)
#12 C:\\xampp\\htdocs\\hadcoreship\\vendor\\laravel\\framework\\src\\Illuminate\\Database\\DatabaseManager.php(131): Illuminate\\Database\\Connectors\\ConnectionFactory->make(Array, 'mysql')
#13 C:\\xampp\\htdocs\\hadcoreship\\vendor\\laravel\\framework\\src\\Illuminate\\Database\\DatabaseManager.php(86): Illuminate\\Database\\DatabaseManager->makeConnection('mysql')
#14 C:\\xampp\\htdocs\\hadcoreship\\vendor\\laravel\\framework\\src\\Illuminate\\Support\\Facades\\Schema.php(41): Illuminate\\Database\\DatabaseManager->connection()
#15 C:\\xampp\\htdocs\\hadcoreship\\vendor\\laravel\\framework\\src\\Illuminate\\Support\\Facades\\Facade.php(144): Illuminate\\Support\\Facades\\Schema::getFacadeAccessor()
#16 C:\\xampp\\htdocs\\hadcoreship\\vendor\\laravel\\framework\\src\\Illuminate\\Support\\Facades\\Facade.php(231): Illuminate\\Support\\Facades\\Facade::getFacadeRoot()
#17 C:\\xampp\\htdocs\\hadcoreship\\app\\Providers\\AppServiceProvider.php(26): Illuminate\\Support\\Facades\\Facade::__callStatic('defaultStringLe...', Array)
#18 [internal function]: App\\Providers\\AppServiceProvider->boot()
#19 C:\\xampp\\htdocs\\hadcoreship\\vendor\\laravel\\framework\\src\\Illuminate\\Container\\BoundMethod.php(32): call_user_func_array(Array, Array)
#20 C:\\xampp\\htdocs\\hadcoreship\\vendor\\laravel\\framework\\src\\Illuminate\\Container\\BoundMethod.php(90): Illuminate\\Container\\BoundMethod::Illuminate\\Container\\{closure}()
#21 C:\\xampp\\htdocs\\hadcoreship\\vendor\\laravel\\framework\\src\\Illuminate\\Container\\BoundMethod.php(34): Illuminate\\Container\\BoundMethod::callBoundMethod(Object(Illuminate\\Foundation\\Application), Array, Object(Closure))
#22 C:\\xampp\\htdocs\\hadcoreship\\vendor\\laravel\\framework\\src\\Illuminate\\Container\\Container.php(576): Illuminate\\Container\\BoundMethod::call(Object(Illuminate\\Foundation\\Application), Array, Array, NULL)
#23 C:\\xampp\\htdocs\\hadcoreship\\vendor\\laravel\\framework\\src\\Illuminate\\Foundation\\Application.php(827): Illuminate\\Container\\Container->call(Array)
#24 C:\\xampp\\htdocs\\hadcoreship\\vendor\\laravel\\framework\\src\\Illuminate\\Foundation\\Application.php(810): Illuminate\\Foundation\\Application->bootProvider(Object(App\\Providers\\AppServiceProvider))
#25 [internal function]: Illuminate\\Foundation\\Application->Illuminate\\Foundation\\{closure}(Object(App\\Providers\\AppServiceProvider), 25)
#26 C:\\xampp\\htdocs\\hadcoreship\\vendor\\laravel\\framework\\src\\Illuminate\\Foundation\\Application.php(811): array_walk(Array, Object(Closure))
#27 C:\\xampp\\htdocs\\hadcoreship\\vendor\\laravel\\framework\\src\\Illuminate\\Foundation\\Bootstrap\\BootProviders.php(17): Illuminate\\Foundation\\Application->boot()
#28 C:\\xampp\\htdocs\\hadcoreship\\vendor\\laravel\\framework\\src\\Illuminate\\Foundation\\Application.php(210): Illuminate\\Foundation\\Bootstrap\\BootProviders->bootstrap(Object(Illuminate\\Foundation\\Application))
#29 C:\\xampp\\htdocs\\hadcoreship\\vendor\\laravel\\framework\\src\\Illuminate\\Foundation\\Console\\Kernel.php(322): Illuminate\\Foundation\\Application->bootstrapWith(Array)
#30 C:\\xampp\\htdocs\\hadcoreship\\vendor\\laravel\\framework\\src\\Illuminate\\Foundation\\Console\\Kernel.php(131): Illuminate\\Foundation\\Console\\Kernel->bootstrap()
#31 C:\\xampp\\htdocs\\hadcoreship\\artisan(37): Illuminate\\Foundation\\Console\\Kernel->handle(Object(Symfony\\Component\\Console\\Input\\ArgvInput), Object(Symfony\\Component\\Console\\Output\\ConsoleOutput))
#32 {main}
"} 
[2019-08-26 20:09:52] local.ERROR: No Database connection yet in VoyagerServiceProvider loadAuth()  
[2019-08-26 20:09:53] local.ERROR: SQLSTATE[HY000] [2002] No connection could be made because the target machine actively refused it.
 {"exception":"[object] (Doctrine\\DBAL\\Driver\\PDOException(code: 2002): SQLSTATE[HY000] [2002] No connection could be made because the target machine actively refused it.
 at C:\\xampp\\htdocs\\hadcoreship\\vendor\\doctrine\\dbal\\lib\\Doctrine\\DBAL\\Driver\\PDOConnection.php:31, PDOException(code: 2002): SQLSTATE[HY000] [2002] No connection could be made because the target machine actively refused it.
 at C:\\xampp\\htdocs\\hadcoreship\\vendor\\doctrine\\dbal\\lib\\Doctrine\\DBAL\\Driver\\PDOConnection.php:27)
[stacktrace]
#0 C:\\xampp\\htdocs\\hadcoreship\\vendor\\laravel\\framework\\src\\Illuminate\\Database\\Connectors\\Connector.php(67): Doctrine\\DBAL\\Driver\\PDOConnection->__construct('mysql:host=127....', 'root', '', Array)
#1 C:\\xampp\\htdocs\\hadcoreship\\vendor\\laravel\\framework\\src\\Illuminate\\Database\\Connectors\\Connector.php(46): Illuminate\\Database\\Connectors\\Connector->createPdoConnection('mysql:host=127....', 'root', '', Array)
#2 C:\\xampp\\htdocs\\hadcoreship\\vendor\\laravel\\framework\\src\\Illuminate\\Database\\Connectors\\MySqlConnector.php(24): Illuminate\\Database\\Connectors\\Connector->createConnection('mysql:host=127....', Array, Array)
#3 C:\\xampp\\htdocs\\hadcoreship\\vendor\\laravel\\framework\\src\\Illuminate\\Database\\Connectors\\ConnectionFactory.php(182): Illuminate\\Database\\Connectors\\MySqlConnector->connect(Array)
#4 [internal function]: Illuminate\\Database\\Connectors\\ConnectionFactory->Illuminate\\Database\\Connectors\\{closure}()
#5 C:\\xampp\\htdocs\\hadcoreship\\vendor\\laravel\\framework\\src\\Illuminate\\Database\\Connection.php(919): call_user_func(Object(Closure))
#6 C:\\xampp\\htdocs\\hadcoreship\\vendor\\laravel\\framework\\src\\Illuminate\\Database\\Connection.php(901): Illuminate\\Database\\Connection->getPdo()
#7 C:\\xampp\\htdocs\\hadcoreship\\vendor\\larapack\\doctrine-support\\src\\DoctrineSupportServiceProvider.php(54): Illuminate\\Database\\Connection->getDoctrineConnection()
#8 C:\\xampp\\htdocs\\hadcoreship\\vendor\\larapack\\doctrine-support\\src\\DoctrineSupportServiceProvider.php(34): Larapack\\DoctrineSupport\\DoctrineSupportServiceProvider->addDoctrineTypes(Object(Larapack\\DoctrineSupport\\Connections\\MySqlConnection))
#9 C:\\xampp\\htdocs\\hadcoreship\\vendor\\laravel\\framework\\src\\Illuminate\\Database\\Connectors\\ConnectionFactory.php(269): Larapack\\DoctrineSupport\\DoctrineSupportServiceProvider->Larapack\\DoctrineSupport\\{closure}(Object(Larapack\\DoctrineSupport\\Connections\\MySqlConnection), 'hardcoreship', '', Array)
#10 C:\\xampp\\htdocs\\hadcoreship\\vendor\\laravel\\framework\\src\\Illuminate\\Database\\Connectors\\ConnectionFactory.php(76): Illuminate\\Database\\Connectors\\ConnectionFactory->createConnection('mysql', Object(Closure), 'hardcoreship', '', Array)
#11 C:\\xampp\\htdocs\\hadcoreship\\vendor\\laravel\\framework\\src\\Illuminate\\Database\\Connectors\\ConnectionFactory.php(50): Illuminate\\Database\\Connectors\\ConnectionFactory->createSingleConnection(Array)
#12 C:\\xampp\\htdocs\\hadcoreship\\vendor\\laravel\\framework\\src\\Illuminate\\Database\\DatabaseManager.php(131): Illuminate\\Database\\Connectors\\ConnectionFactory->make(Array, 'mysql')
#13 C:\\xampp\\htdocs\\hadcoreship\\vendor\\laravel\\framework\\src\\Illuminate\\Database\\DatabaseManager.php(86): Illuminate\\Database\\DatabaseManager->makeConnection('mysql')
#14 C:\\xampp\\htdocs\\hadcoreship\\vendor\\laravel\\framework\\src\\Illuminate\\Support\\Facades\\Schema.php(41): Illuminate\\Database\\DatabaseManager->connection()
#15 C:\\xampp\\htdocs\\hadcoreship\\vendor\\laravel\\framework\\src\\Illuminate\\Support\\Facades\\Facade.php(144): Illuminate\\Support\\Facades\\Schema::getFacadeAccessor()
#16 C:\\xampp\\htdocs\\hadcoreship\\vendor\\laravel\\framework\\src\\Illuminate\\Support\\Facades\\Facade.php(231): Illuminate\\Support\\Facades\\Facade::getFacadeRoot()
#17 C:\\xampp\\htdocs\\hadcoreship\\app\\Providers\\AppServiceProvider.php(26): Illuminate\\Support\\Facades\\Facade::__callStatic('defaultStringLe...', Array)
#18 [internal function]: App\\Providers\\AppServiceProvider->boot()
#19 C:\\xampp\\htdocs\\hadcoreship\\vendor\\laravel\\framework\\src\\Illuminate\\Container\\BoundMethod.php(32): call_user_func_array(Array, Array)
#20 C:\\xampp\\htdocs\\hadcoreship\\vendor\\laravel\\framework\\src\\Illuminate\\Container\\BoundMethod.php(90): Illuminate\\Container\\BoundMethod::Illuminate\\Container\\{closure}()
#21 C:\\xampp\\htdocs\\hadcoreship\\vendor\\laravel\\framework\\src\\Illuminate\\Container\\BoundMethod.php(34): Illuminate\\Container\\BoundMethod::callBoundMethod(Object(Illuminate\\Foundation\\Application), Array, Object(Closure))
#22 C:\\xampp\\htdocs\\hadcoreship\\vendor\\laravel\\framework\\src\\Illuminate\\Container\\Container.php(576): Illuminate\\Container\\BoundMethod::call(Object(Illuminate\\Foundation\\Application), Array, Array, NULL)
#23 C:\\xampp\\htdocs\\hadcoreship\\vendor\\laravel\\framework\\src\\Illuminate\\Foundation\\Application.php(827): Illuminate\\Container\\Container->call(Array)
#24 C:\\xampp\\htdocs\\hadcoreship\\vendor\\laravel\\framework\\src\\Illuminate\\Foundation\\Application.php(810): Illuminate\\Foundation\\Application->bootProvider(Object(App\\Providers\\AppServiceProvider))
#25 [internal function]: Illuminate\\Foundation\\Application->Illuminate\\Foundation\\{closure}(Object(App\\Providers\\AppServiceProvider), 25)
#26 C:\\xampp\\htdocs\\hadcoreship\\vendor\\laravel\\framework\\src\\Illuminate\\Foundation\\Application.php(811): array_walk(Array, Object(Closure))
#27 C:\\xampp\\htdocs\\hadcoreship\\vendor\\laravel\\framework\\src\\Illuminate\\Foundation\\Bootstrap\\BootProviders.php(17): Illuminate\\Foundation\\Application->boot()
#28 C:\\xampp\\htdocs\\hadcoreship\\vendor\\laravel\\framework\\src\\Illuminate\\Foundation\\Application.php(210): Illuminate\\Foundation\\Bootstrap\\BootProviders->bootstrap(Object(Illuminate\\Foundation\\Application))
#29 C:\\xampp\\htdocs\\hadcoreship\\vendor\\laravel\\framework\\src\\Illuminate\\Foundation\\Console\\Kernel.php(322): Illuminate\\Foundation\\Application->bootstrapWith(Array)
#30 C:\\xampp\\htdocs\\hadcoreship\\vendor\\laravel\\framework\\src\\Illuminate\\Foundation\\Console\\Kernel.php(131): Illuminate\\Foundation\\Console\\Kernel->bootstrap()
#31 C:\\xampp\\htdocs\\hadcoreship\\artisan(37): Illuminate\\Foundation\\Console\\Kernel->handle(Object(Symfony\\Component\\Console\\Input\\ArgvInput), Object(Symfony\\Component\\Console\\Output\\ConsoleOutput))
#32 {main}
"} 
